<?xml version="1.0" encoding="UTF-8"?>
<testsuite xmlns:xsi="http://www.w3.org/2001/XMLSchema-instance" xsi:noNamespaceSchemaLocation="https://maven.apache.org/surefire/maven-surefire-plugin/xsd/surefire-test-report.xsd" name="examples.ExamplesTest" time="3.628" tests="1" errors="0" skipped="0" failures="1">
  <properties>
[...]
</properties>
  <testcase name="testParallel" classname="examples.ExamplesTest" time="3.623">
    <failure message="status code was: 200, expected: 201, response time in milliseconds: 597, url: https://jsonplaceholder.typicode.com/users, response: &#10;[&#10;  {&#10;    &quot;id&quot;: 1,&#10;    &quot;name&quot;: &quot;Leanne Graham&quot;,&#10;    &quot;username&quot;: &quot;Bret&quot;,&#10;    &quot;email&quot;: &quot;Sincere@april.biz&quot;,&#10;    &quot;address&quot;: {&#10;      &quot;street&quot;: &quot;Kulas Light&quot;,&#10;      &quot;suite&quot;: &quot;Apt. 556&quot;,&#10;      &quot;city&quot;: &quot;Gwenborough&quot;,&#10;      &quot;zipcode&quot;: &quot;92998-3874&quot;,&#10;      &quot;geo&quot;: {&#10;        &quot;lat&quot;: &quot;-37.3159&quot;,&#10;        &quot;lng&quot;: &quot;81.1496&quot;&#10;      }&#10;    },&#10;    &quot;phone&quot;: &quot;1-770-736-8031 x56442&quot;,&#10;    &quot;website&quot;: &quot;hildegard.org&quot;,&#10;    &quot;company&quot;: {&#10;      &quot;name&quot;: &quot;Romaguera-Crona&quot;,&#10;      &quot;catchPhrase&quot;: &quot;Multi-layered client-server neural-net&quot;,&#10;      &quot;bs&quot;: &quot;harness real-time e-markets&quot;&#10;    }&#10;  },&#10;  {&#10;    &quot;id&quot;: 2,&#10;    &quot;name&quot;: &quot;Ervin Howell&quot;,&#10;    &quot;username&quot;: &quot;Antonette&quot;,&#10;    &quot;email&quot;: &quot;Shanna@melissa.tv&quot;,&#10;    &quot;address&quot;: {&#10;      &quot;street&quot;: &quot;Victor Plains&quot;,&#10;      &quot;suite&quot;: &quot;Suite 879&quot;,&#10;      &quot;city&quot;: &quot;Wisokyburgh&quot;,&#10;      &quot;zipcode&quot;: &quot;90566-7771&quot;,&#10;      &quot;geo&quot;: {&#10;        &quot;lat&quot;: &quot;-43.9509&quot;,&#10;        &quot;lng&quot;: &quot;-34.4618&quot;&#10;      }&#10;    },&#10;    &quot;phone&quot;: &quot;010-692-6593 x09125&quot;,&#10;    &quot;website&quot;: &quot;anastasia.net&quot;,&#10;    &quot;company&quot;: {&#10;      &quot;name&quot;: &quot;Deckow-Crist&quot;,&#10;      &quot;catchPhrase&quot;: &quot;Proactive didactic contingency&quot;,&#10;      &quot;bs&quot;: &quot;synergize scalable supply-chains&quot;&#10;    }&#10;  },&#10;  {&#10;    &quot;id&quot;: 3,&#10;    &quot;name&quot;: &quot;Clementine Bauch&quot;,&#10;    &quot;username&quot;: &quot;Samantha&quot;,&#10;    &quot;email&quot;: &quot;Nathan@yesenia.net&quot;,&#10;    &quot;address&quot;: {&#10;      &quot;street&quot;: &quot;Douglas Extension&quot;,&#10;      &quot;suite&quot;: &quot;Suite 847&quot;,&#10;      &quot;city&quot;: &quot;McKenziehaven&quot;,&#10;      &quot;zipcode&quot;: &quot;59590-4157&quot;,&#10;      &quot;geo&quot;: {&#10;        &quot;lat&quot;: &quot;-68.6102&quot;,&#10;        &quot;lng&quot;: &quot;-47.0653&quot;&#10;      }&#10;    },&#10;    &quot;phone&quot;: &quot;1-463-123-4447&quot;,&#10;    &quot;website&quot;: &quot;ramiro.info&quot;,&#10;    &quot;company&quot;: {&#10;      &quot;name&quot;: &quot;Romaguera-Jacobson&quot;,&#10;      &quot;catchPhrase&quot;: &quot;Face to face bifurcated interface&quot;,&#10;      &quot;bs&quot;: &quot;e-enable strategic applications&quot;&#10;    }&#10;  },&#10;  {&#10;    &quot;id&quot;: 4,&#10;    &quot;name&quot;: &quot;Patricia Lebsack&quot;,&#10;    &quot;username&quot;: &quot;Karianne&quot;,&#10;    &quot;email&quot;: &quot;Julianne.OConner@kory.org&quot;,&#10;    &quot;address&quot;: {&#10;      &quot;street&quot;: &quot;Hoeger Mall&quot;,&#10;      &quot;suite&quot;: &quot;Apt. 692&quot;,&#10;      &quot;city&quot;: &quot;South Elvis&quot;,&#10;      &quot;zipcode&quot;: &quot;53919-4257&quot;,&#10;      &quot;geo&quot;: {&#10;        &quot;lat&quot;: &quot;29.4572&quot;,&#10;        &quot;lng&quot;: &quot;-164.2990&quot;&#10;      }&#10;    },&#10;    &quot;phone&quot;: &quot;493-170-9623 x156&quot;,&#10;    &quot;website&quot;: &quot;kale.biz&quot;,&#10;    &quot;company&quot;: {&#10;      &quot;name&quot;: &quot;Robel-Corkery&quot;,&#10;      &quot;catchPhrase&quot;: &quot;Multi-tiered zero tolerance productivity&quot;,&#10;      &quot;bs&quot;: &quot;transition cutting-edge web services&quot;&#10;    }&#10;  },&#10;  {&#10;    &quot;id&quot;: 5,&#10;    &quot;name&quot;: &quot;Chelsey Dietrich&quot;,&#10;    &quot;username&quot;: &quot;Kamren&quot;,&#10;    &quot;email&quot;: &quot;Lucio_Hettinger@annie.ca&quot;,&#10;    &quot;address&quot;: {&#10;      &quot;street&quot;: &quot;Skiles Walks&quot;,&#10;      &quot;suite&quot;: &quot;Suite 351&quot;,&#10;      &quot;city&quot;: &quot;Roscoeview&quot;,&#10;      &quot;zipcode&quot;: &quot;33263&quot;,&#10;      &quot;geo&quot;: {&#10;        &quot;lat&quot;: &quot;-31.8129&quot;,&#10;        &quot;lng&quot;: &quot;62.5342&quot;&#10;      }&#10;    },&#10;    &quot;phone&quot;: &quot;(254)954-1289&quot;,&#10;    &quot;website&quot;: &quot;demarco.info&quot;,&#10;    &quot;company&quot;: {&#10;      &quot;name&quot;: &quot;Keebler LLC&quot;,&#10;      &quot;catchPhrase&quot;: &quot;User-centric fault-tolerant solution&quot;,&#10;      &quot;bs&quot;: &quot;revolutionize end-to-end systems&quot;&#10;    }&#10;  },&#10;  {&#10;    &quot;id&quot;: 6,&#10;    &quot;name&quot;: &quot;Mrs. Dennis Schulist&quot;,&#10;    &quot;username&quot;: &quot;Leopoldo_Corkery&quot;,&#10;    &quot;email&quot;: &quot;Karley_Dach@jasper.info&quot;,&#10;    &quot;address&quot;: {&#10;      &quot;street&quot;: &quot;Norberto Crossing&quot;,&#10;      &quot;suite&quot;: &quot;Apt. 950&quot;,&#10;      &quot;city&quot;: &quot;South Christy&quot;,&#10;      &quot;zipcode&quot;: &quot;23505-1337&quot;,&#10;      &quot;geo&quot;: {&#10;        &quot;lat&quot;: &quot;-71.4197&quot;,&#10;        &quot;lng&quot;: &quot;71.7478&quot;&#10;      }&#10;    },&#10;    &quot;phone&quot;: &quot;1-477-935-8478 x6430&quot;,&#10;    &quot;website&quot;: &quot;ola.org&quot;,&#10;    &quot;company&quot;: {&#10;      &quot;name&quot;: &quot;Considine-Lockman&quot;,&#10;      &quot;catchPhrase&quot;: &quot;Synchronised bottom-line interface&quot;,&#10;      &quot;bs&quot;: &quot;e-enable innovative applications&quot;&#10;    }&#10;  },&#10;  {&#10;    &quot;id&quot;: 7,&#10;    &quot;name&quot;: &quot;Kurtis Weissnat&quot;,&#10;    &quot;username&quot;: &quot;Elwyn.Skiles&quot;,&#10;    &quot;email&quot;: &quot;Telly.Hoeger@billy.biz&quot;,&#10;    &quot;address&quot;: {&#10;      &quot;street&quot;: &quot;Rex Trail&quot;,&#10;      &quot;suite&quot;: &quot;Suite 280&quot;,&#10;      &quot;city&quot;: &quot;Howemouth&quot;,&#10;      &quot;zipcode&quot;: &quot;58804-1099&quot;,&#10;      &quot;geo&quot;: {&#10;        &quot;lat&quot;: &quot;24.8918&quot;,&#10;        &quot;lng&quot;: &quot;21.8984&quot;&#10;      }&#10;    },&#10;    &quot;phone&quot;: &quot;210.067.6132&quot;,&#10;    &quot;website&quot;: &quot;elvis.io&quot;,&#10;    &quot;company&quot;: {&#10;      &quot;name&quot;: &quot;Johns Group&quot;,&#10;      &quot;catchPhrase&quot;: &quot;Configurable multimedia task-force&quot;,&#10;      &quot;bs&quot;: &quot;generate enterprise e-tailers&quot;&#10;    }&#10;  },&#10;  {&#10;    &quot;id&quot;: 8,&#10;    &quot;name&quot;: &quot;Nicholas Runolfsdottir V&quot;,&#10;    &quot;username&quot;: &quot;Maxime_Nienow&quot;,&#10;    &quot;email&quot;: &quot;Sherwood@rosamond.me&quot;,&#10;    &quot;address&quot;: {&#10;      &quot;street&quot;: &quot;Ellsworth Summit&quot;,&#10;      &quot;suite&quot;: &quot;Suite 729&quot;,&#10;      &quot;city&quot;: &quot;Aliyaview&quot;,&#10;      &quot;zipcode&quot;: &quot;45169&quot;,&#10;      &quot;geo&quot;: {&#10;        &quot;lat&quot;: &quot;-14.3990&quot;,&#10;        &quot;lng&quot;: &quot;-120.7677&quot;&#10;      }&#10;    },&#10;    &quot;phone&quot;: &quot;586.493.6943 x140&quot;,&#10;    &quot;website&quot;: &quot;jacynthe.com&quot;,&#10;    &quot;company&quot;: {&#10;      &quot;name&quot;: &quot;Abernathy Group&quot;,&#10;      &quot;catchPhrase&quot;: &quot;Implemented secondary concept&quot;,&#10;      &quot;bs&quot;: &quot;e-enable extensible e-tailers&quot;&#10;    }&#10;  },&#10;  {&#10;    &quot;id&quot;: 9,&#10;    &quot;name&quot;: &quot;Glenna Reichert&quot;,&#10;    &quot;username&quot;: &quot;Delphine&quot;,&#10;    &quot;email&quot;: &quot;Chaim_McDermott@dana.io&quot;,&#10;    &quot;address&quot;: {&#10;      &quot;street&quot;: &quot;Dayna Park&quot;,&#10;      &quot;suite&quot;: &quot;Suite 449&quot;,&#10;      &quot;city&quot;: &quot;Bartholomebury&quot;,&#10;      &quot;zipcode&quot;: &quot;76495-3109&quot;,&#10;      &quot;geo&quot;: {&#10;        &quot;lat&quot;: &quot;24.6463&quot;,&#10;        &quot;lng&quot;: &quot;-168.8889&quot;&#10;      }&#10;    },&#10;    &quot;phone&quot;: &quot;(775)976-6794 x41206&quot;,&#10;    &quot;website&quot;: &quot;conrad.com&quot;,&#10;    &quot;company&quot;: {&#10;      &quot;name&quot;: &quot;Yost and Sons&quot;,&#10;      &quot;catchPhrase&quot;: &quot;Switchable contextually-based project&quot;,&#10;      &quot;bs&quot;: &quot;aggregate real-time technologies&quot;&#10;    }&#10;  },&#10;  {&#10;    &quot;id&quot;: 10,&#10;    &quot;name&quot;: &quot;Clementina DuBuque&quot;,&#10;    &quot;username&quot;: &quot;Moriah.Stanton&quot;,&#10;    &quot;email&quot;: &quot;Rey.Padberg@karina.biz&quot;,&#10;    &quot;address&quot;: {&#10;      &quot;street&quot;: &quot;Kattie Turnpike&quot;,&#10;      &quot;suite&quot;: &quot;Suite 198&quot;,&#10;      &quot;city&quot;: &quot;Lebsackbury&quot;,&#10;      &quot;zipcode&quot;: &quot;31428-2261&quot;,&#10;      &quot;geo&quot;: {&#10;        &quot;lat&quot;: &quot;-38.2386&quot;,&#10;        &quot;lng&quot;: &quot;57.2232&quot;&#10;      }&#10;    },&#10;    &quot;phone&quot;: &quot;024-648-3804&quot;,&#10;    &quot;website&quot;: &quot;ambrose.net&quot;,&#10;    &quot;company&quot;: {&#10;      &quot;name&quot;: &quot;Hoeger LLC&quot;,&#10;      &quot;catchPhrase&quot;: &quot;Centralized empowering task-force&quot;,&#10;      &quot;bs&quot;: &quot;target end-to-end models&quot;&#10;    }&#10;  }&#10;]&#10;classpath:examples/users/users.feature:12 ==&gt; expected: &lt;0&gt; but was: &lt;1&gt;" type="org.opentest4j.AssertionFailedError"><![CDATA[org.opentest4j.AssertionFailedError: 
status code was: 200, expected: 201, response time in milliseconds: 597, url: https://jsonplaceholder.typicode.com/users, response: 
[
  {
    "id": 1,
    "name": "Leanne Graham",
    "username": "Bret",
    "email": "Sincere@april.biz",
    "address": {
      "street": "Kulas Light",
      "suite": "Apt. 556",
      "city": "Gwenborough",
      "zipcode": "92998-3874",
      "geo": {
        "lat": "-37.3159",
        "lng": "81.1496"
      }
    },
    "phone": "1-770-736-8031 x56442",
    "website": "hildegard.org",
    "company": {
      "name": "Romaguera-Crona",
      "catchPhrase": "Multi-layered client-server neural-net",
      "bs": "harness real-time e-markets"
    }
  },
  {
    "id": 2,
    "name": "Ervin Howell",
    "username": "Antonette",
    "email": "Shanna@melissa.tv",
    "address": {
      "street": "Victor Plains",
      "suite": "Suite 879",
      "city": "Wisokyburgh",
      "zipcode": "90566-7771",
      "geo": {
        "lat": "-43.9509",
        "lng": "-34.4618"
      }
    },
    "phone": "010-692-6593 x09125",
    "website": "anastasia.net",
    "company": {
      "name": "Deckow-Crist",
      "catchPhrase": "Proactive didactic contingency",
      "bs": "synergize scalable supply-chains"
    }
  },
  {
    "id": 3,
    "name": "Clementine Bauch",
    "username": "Samantha",
    "email": "Nathan@yesenia.net",
    "address": {
      "street": "Douglas Extension",
      "suite": "Suite 847",
      "city": "McKenziehaven",
      "zipcode": "59590-4157",
      "geo": {
        "lat": "-68.6102",
        "lng": "-47.0653"
      }
    },
    "phone": "1-463-123-4447",
    "website": "ramiro.info",
    "company": {
      "name": "Romaguera-Jacobson",
      "catchPhrase": "Face to face bifurcated interface",
      "bs": "e-enable strategic applications"
    }
  },
  {
    "id": 4,
    "name": "Patricia Lebsack",
    "username": "Karianne",
    "email": "Julianne.OConner@kory.org",
    "address": {
      "street": "Hoeger Mall",
      "suite": "Apt. 692",
      "city": "South Elvis",
      "zipcode": "53919-4257",
      "geo": {
        "lat": "29.4572",
        "lng": "-164.2990"
      }
    },
    "phone": "493-170-9623 x156",
    "website": "kale.biz",
    "company": {
      "name": "Robel-Corkery",
      "catchPhrase": "Multi-tiered zero tolerance productivity",
      "bs": "transition cutting-edge web services"
    }
  },
  {
    "id": 5,
    "name": "Chelsey Dietrich",
    "username": "Kamren",
    "email": "Lucio_Hettinger@annie.ca",
    "address": {
      "street": "Skiles Walks",
      "suite": "Suite 351",
      "city": "Roscoeview",
      "zipcode": "33263",
      "geo": {
        "lat": "-31.8129",
        "lng": "62.5342"
      }
    },
    "phone": "(254)954-1289",
    "website": "demarco.info",
    "company": {
      "name": "Keebler LLC",
      "catchPhrase": "User-centric fault-tolerant solution",
      "bs": "revolutionize end-to-end systems"
    }
  },
  {
    "id": 6,
    "name": "Mrs. Dennis Schulist",
    "username": "Leopoldo_Corkery",
    "email": "Karley_Dach@jasper.info",
    "address": {
      "street": "Norberto Crossing",
      "suite": "Apt. 950",
      "city": "South Christy",
      "zipcode": "23505-1337",
      "geo": {
        "lat": "-71.4197",
        "lng": "71.7478"
      }
    },
    "phone": "1-477-935-8478 x6430",
    "website": "ola.org",
    "company": {
      "name": "Considine-Lockman",
      "catchPhrase": "Synchronised bottom-line interface",
      "bs": "e-enable innovative applications"
    }
  },
  {
    "id": 7,
    "name": "Kurtis Weissnat",
    "username": "Elwyn.Skiles",
    "email": "Telly.Hoeger@billy.biz",
    "address": {
      "street": "Rex Trail",
      "suite": "Suite 280",
      "city": "Howemouth",
      "zipcode": "58804-1099",
      "geo": {
        "lat": "24.8918",
        "lng": "21.8984"
      }
    },
    "phone": "210.067.6132",
    "website": "elvis.io",
    "company": {
      "name": "Johns Group",
      "catchPhrase": "Configurable multimedia task-force",
      "bs": "generate enterprise e-tailers"
    }
  },
  {
    "id": 8,
    "name": "Nicholas Runolfsdottir V",
    "username": "Maxime_Nienow",
    "email": "Sherwood@rosamond.me",
    "address": {
      "street": "Ellsworth Summit",
      "suite": "Suite 729",
      "city": "Aliyaview",
      "zipcode": "45169",
      "geo": {
        "lat": "-14.3990",
        "lng": "-120.7677"
      }
    },
    "phone": "586.493.6943 x140",
    "website": "jacynthe.com",
    "company": {
      "name": "Abernathy Group",
      "catchPhrase": "Implemented secondary concept",
      "bs": "e-enable extensible e-tailers"
    }
  },
  {
    "id": 9,
    "name": "Glenna Reichert",
    "username": "Delphine",
    "email": "Chaim_McDermott@dana.io",
    "address": {
      "street": "Dayna Park",
      "suite": "Suite 449",
      "city": "Bartholomebury",
      "zipcode": "76495-3109",
      "geo": {
        "lat": "24.6463",
        "lng": "-168.8889"
      }
    },
    "phone": "(775)976-6794 x41206",
    "website": "conrad.com",
    "company": {
      "name": "Yost and Sons",
      "catchPhrase": "Switchable contextually-based project",
      "bs": "aggregate real-time technologies"
    }
  },
  {
    "id": 10,
    "name": "Clementina DuBuque",
    "username": "Moriah.Stanton",
    "email": "Rey.Padberg@karina.biz",
    "address": {
      "street": "Kattie Turnpike",
      "suite": "Suite 198",
      "city": "Lebsackbury",
      "zipcode": "31428-2261",
      "geo": {
        "lat": "-38.2386",
        "lng": "57.2232"
      }
    },
    "phone": "024-648-3804",
    "website": "ambrose.net",
    "company": {
      "name": "Hoeger LLC",
      "catchPhrase": "Centralized empowering task-force",
      "bs": "target end-to-end models"
    }
  }
]
classpath:examples/users/users.feature:12 ==> expected: <0> but was: <1>
	at examples.ExamplesTest.testParallel(ExamplesTest.java:15)
]]></failure>
    <system-out><![CDATA[20:52:12.907 [main] DEBUG com.intuit.karate.Suite - [config] classpath:karate-config.js
20:52:13.860 [pool-1-thread-2] INFO  com.intuit.karate - karate.env system property was: null 
20:52:13.883 [pool-1-thread-1] INFO  com.intuit.karate - karate.env system property was: null 
20:52:14.108 [pool-1-thread-1] DEBUG com.intuit.karate - request:
1 > GET https://jsonplaceholder.typicode.com/users
1 > Host: jsonplaceholder.typicode.com
1 > Connection: Keep-Alive
1 > User-Agent: Apache-HttpClient/4.5.13 (Java/19.0.1)
1 > Accept-Encoding: gzip,deflate


20:52:14.108 [pool-1-thread-2] DEBUG com.intuit.karate - request:
1 > POST https://jsonplaceholder.typicode.com/users
1 > Content-Type: application/json; charset=UTF-8
1 > Content-Length: 160
1 > Host: jsonplaceholder.typicode.com
1 > Connection: Keep-Alive
1 > User-Agent: Apache-HttpClient/4.5.13 (Java/19.0.1)
1 > Accept-Encoding: gzip,deflate
{"name":"Test User","username":"testuser","email":"test@user.com","address":{"street":"Has No Name","suite":"Apt. 123","city":"Electri","zipcode":"54321-6789"}}

20:52:14.707 [pool-1-thread-1] DEBUG com.intuit.karate - response time in milliseconds: 597
1 < 200
1 < Date: Fri, 13 Jan 2023 02:52:14 GMT
1 < Content-Type: application/json; charset=utf-8
1 < Transfer-Encoding: chunked
1 < Connection: keep-alive
1 < x-powered-by: Express
1 < x-ratelimit-limit: 1000
1 < x-ratelimit-remaining: 998
1 < x-ratelimit-reset: 1631494383
1 < vary: Origin, Accept-Encoding
1 < access-control-allow-credentials: true
1 < cache-control: max-age=43200
1 < pragma: no-cache
1 < expires: -1
1 < x-content-type-options: nosniff
1 < etag: W/"160d-1eMSsxeJRfnVLRBmYJSbCiJZ1qQ"
1 < via: 1.1 vegur
1 < CF-Cache-Status: HIT
1 < Age: 8119
1 < Server-Timing: cf-q-config;dur=6.0000002122251e-06
1 < Report-To: {"endpoints":[{"url":"https:\/\/a.nel.cloudflare.com\/report\/v3?s=IOyD2KymLJ9oT4He%2FSSVMP0cJFXhFsCEKtaZ%2Fd4V3IdakYJI0pztZqfBIXgE5Fpe%2BjSh6pfggXjKwVo4dHAq7xGw5sVwzFw8jd4UFm54hkZmd7cZTNrxJLL9oxXUWPMfvcj3mPXr9ME5g666VMdQ"}],"group":"cf-nel","max_age":604800}
1 < NEL: {"success_fraction":0,"report_to":"cf-nel","max_age":604800}
1 < Server: cloudflare
1 < CF-RAY: 788ad5b10ec6da43-MIA
1 < alt-svc: h3=":443"; ma=86400, h3-29=":443"; ma=86400
[
  {
    "id": 1,
    "name": "Leanne Graham",
    "username": "Bret",
    "email": "Sincere@april.biz",
    "address": {
      "street": "Kulas Light",
      "suite": "Apt. 556",
      "city": "Gwenborough",
      "zipcode": "92998-3874",
      "geo": {
        "lat": "-37.3159",
        "lng": "81.1496"
      }
    },
    "phone": "1-770-736-8031 x56442",
    "website": "hildegard.org",
    "company": {
      "name": "Romaguera-Crona",
      "catchPhrase": "Multi-layered client-server neural-net",
      "bs": "harness real-time e-markets"
    }
  },
  {
    "id": 2,
    "name": "Ervin Howell",
    "username": "Antonette",
    "email": "Shanna@melissa.tv",
    "address": {
      "street": "Victor Plains",
      "suite": "Suite 879",
      "city": "Wisokyburgh",
      "zipcode": "90566-7771",
      "geo": {
        "lat": "-43.9509",
        "lng": "-34.4618"
      }
    },
    "phone": "010-692-6593 x09125",
    "website": "anastasia.net",
    "company": {
      "name": "Deckow-Crist",
      "catchPhrase": "Proactive didactic contingency",
      "bs": "synergize scalable supply-chains"
    }
  },
  {
    "id": 3,
    "name": "Clementine Bauch",
    "username": "Samantha",
    "email": "Nathan@yesenia.net",
    "address": {
      "street": "Douglas Extension",
      "suite": "Suite 847",
      "city": "McKenziehaven",
      "zipcode": "59590-4157",
      "geo": {
        "lat": "-68.6102",
        "lng": "-47.0653"
      }
    },
    "phone": "1-463-123-4447",
    "website": "ramiro.info",
    "company": {
      "name": "Romaguera-Jacobson",
      "catchPhrase": "Face to face bifurcated interface",
      "bs": "e-enable strategic applications"
    }
  },
  {
    "id": 4,
    "name": "Patricia Lebsack",
    "username": "Karianne",
    "email": "Julianne.OConner@kory.org",
    "address": {
      "street": "Hoeger Mall",
      "suite": "Apt. 692",
      "city": "South Elvis",
      "zipcode": "53919-4257",
      "geo": {
        "lat": "29.4572",
        "lng": "-164.2990"
      }
    },
    "phone": "493-170-9623 x156",
    "website": "kale.biz",
    "company": {
      "name": "Robel-Corkery",
      "catchPhrase": "Multi-tiered zero tolerance productivity",
      "bs": "transition cutting-edge web services"
    }
  },
  {
    "id": 5,
    "name": "Chelsey Dietrich",
    "username": "Kamren",
    "email": "Lucio_Hettinger@annie.ca",
    "address": {
      "street": "Skiles Walks",
      "suite": "Suite 351",
      "city": "Roscoeview",
      "zipcode": "33263",
      "geo": {
        "lat": "-31.8129",
        "lng": "62.5342"
      }
    },
    "phone": "(254)954-1289",
    "website": "demarco.info",
    "company": {
      "name": "Keebler LLC",
      "catchPhrase": "User-centric fault-tolerant solution",
      "bs": "revolutionize end-to-end systems"
    }
  },
  {
    "id": 6,
    "name": "Mrs. Dennis Schulist",
    "username": "Leopoldo_Corkery",
    "email": "Karley_Dach@jasper.info",
    "address": {
      "street": "Norberto Crossing",
      "suite": "Apt. 950",
      "city": "South Christy",
      "zipcode": "23505-1337",
      "geo": {
        "lat": "-71.4197",
        "lng": "71.7478"
      }
    },
    "phone": "1-477-935-8478 x6430",
    "website": "ola.org",
    "company": {
      "name": "Considine-Lockman",
      "catchPhrase": "Synchronised bottom-line interface",
      "bs": "e-enable innovative applications"
    }
  },
  {
    "id": 7,
    "name": "Kurtis Weissnat",
    "username": "Elwyn.Skiles",
    "email": "Telly.Hoeger@billy.biz",
    "address": {
      "street": "Rex Trail",
      "suite": "Suite 280",
      "city": "Howemouth",
      "zipcode": "58804-1099",
      "geo": {
        "lat": "24.8918",
        "lng": "21.8984"
      }
    },
    "phone": "210.067.6132",
    "website": "elvis.io",
    "company": {
      "name": "Johns Group",
      "catchPhrase": "Configurable multimedia task-force",
      "bs": "generate enterprise e-tailers"
    }
  },
  {
    "id": 8,
    "name": "Nicholas Runolfsdottir V",
    "username": "Maxime_Nienow",
    "email": "Sherwood@rosamond.me",
    "address": {
      "street": "Ellsworth Summit",
      "suite": "Suite 729",
      "city": "Aliyaview",
      "zipcode": "45169",
      "geo": {
        "lat": "-14.3990",
        "lng": "-120.7677"
      }
    },
    "phone": "586.493.6943 x140",
    "website": "jacynthe.com",
    "company": {
      "name": "Abernathy Group",
      "catchPhrase": "Implemented secondary concept",
      "bs": "e-enable extensible e-tailers"
    }
  },
  {
    "id": 9,
    "name": "Glenna Reichert",
    "username": "Delphine",
    "email": "Chaim_McDermott@dana.io",
    "address": {
      "street": "Dayna Park",
      "suite": "Suite 449",
      "city": "Bartholomebury",
      "zipcode": "76495-3109",
      "geo": {
        "lat": "24.6463",
        "lng": "-168.8889"
      }
    },
    "phone": "(775)976-6794 x41206",
    "website": "conrad.com",
    "company": {
      "name": "Yost and Sons",
      "catchPhrase": "Switchable contextually-based project",
      "bs": "aggregate real-time technologies"
    }
  },
  {
    "id": 10,
    "name": "Clementina DuBuque",
    "username": "Moriah.Stanton",
    "email": "Rey.Padberg@karina.biz",
    "address": {
      "street": "Kattie Turnpike",
      "suite": "Suite 198",
      "city": "Lebsackbury",
      "zipcode": "31428-2261",
      "geo": {
        "lat": "-38.2386",
        "lng": "57.2232"
      }
    },
    "phone": "024-648-3804",
    "website": "ambrose.net",
    "company": {
      "name": "Hoeger LLC",
      "catchPhrase": "Centralized empowering task-force",
      "bs": "target end-to-end models"
    }
  }
]

20:52:14.713 [pool-1-thread-1] ERROR com.intuit.karate - classpath:examples/users/users.feature:12
Then status 201
status code was: 200, expected: 201, response time in milliseconds: 597, url: https://jsonplaceholder.typicode.com/users, response: 
[
  {
    "id": 1,
    "name": "Leanne Graham",
    "username": "Bret",
    "email": "Sincere@april.biz",
    "address": {
      "street": "Kulas Light",
      "suite": "Apt. 556",
      "city": "Gwenborough",
      "zipcode": "92998-3874",
      "geo": {
        "lat": "-37.3159",
        "lng": "81.1496"
      }
    },
    "phone": "1-770-736-8031 x56442",
    "website": "hildegard.org",
    "company": {
      "name": "Romaguera-Crona",
      "catchPhrase": "Multi-layered client-server neural-net",
      "bs": "harness real-time e-markets"
    }
  },
  {
    "id": 2,
    "name": "Ervin Howell",
    "username": "Antonette",
    "email": "Shanna@melissa.tv",
    "address": {
      "street": "Victor Plains",
      "suite": "Suite 879",
      "city": "Wisokyburgh",
      "zipcode": "90566-7771",
      "geo": {
        "lat": "-43.9509",
        "lng": "-34.4618"
      }
    },
    "phone": "010-692-6593 x09125",
    "website": "anastasia.net",
    "company": {
      "name": "Deckow-Crist",
      "catchPhrase": "Proactive didactic contingency",
      "bs": "synergize scalable supply-chains"
    }
  },
  {
    "id": 3,
    "name": "Clementine Bauch",
    "username": "Samantha",
    "email": "Nathan@yesenia.net",
    "address": {
      "street": "Douglas Extension",
      "suite": "Suite 847",
      "city": "McKenziehaven",
      "zipcode": "59590-4157",
      "geo": {
        "lat": "-68.6102",
        "lng": "-47.0653"
      }
    },
    "phone": "1-463-123-4447",
    "website": "ramiro.info",
    "company": {
      "name": "Romaguera-Jacobson",
      "catchPhrase": "Face to face bifurcated interface",
      "bs": "e-enable strategic applications"
    }
  },
  {
    "id": 4,
    "name": "Patricia Lebsack",
    "username": "Karianne",
    "email": "Julianne.OConner@kory.org",
    "address": {
      "street": "Hoeger Mall",
      "suite": "Apt. 692",
      "city": "South Elvis",
      "zipcode": "53919-4257",
      "geo": {
        "lat": "29.4572",
        "lng": "-164.2990"
      }
    },
    "phone": "493-170-9623 x156",
    "website": "kale.biz",
    "company": {
      "name": "Robel-Corkery",
      "catchPhrase": "Multi-tiered zero tolerance productivity",
      "bs": "transition cutting-edge web services"
    }
  },
  {
    "id": 5,
    "name": "Chelsey Dietrich",
    "username": "Kamren",
    "email": "Lucio_Hettinger@annie.ca",
    "address": {
      "street": "Skiles Walks",
      "suite": "Suite 351",
      "city": "Roscoeview",
      "zipcode": "33263",
      "geo": {
        "lat": "-31.8129",
        "lng": "62.5342"
      }
    },
    "phone": "(254)954-1289",
    "website": "demarco.info",
    "company": {
      "name": "Keebler LLC",
      "catchPhrase": "User-centric fault-tolerant solution",
      "bs": "revolutionize end-to-end systems"
    }
  },
  {
    "id": 6,
    "name": "Mrs. Dennis Schulist",
    "username": "Leopoldo_Corkery",
    "email": "Karley_Dach@jasper.info",
    "address": {
      "street": "Norberto Crossing",
      "suite": "Apt. 950",
      "city": "South Christy",
      "zipcode": "23505-1337",
      "geo": {
        "lat": "-71.4197",
        "lng": "71.7478"
      }
    },
    "phone": "1-477-935-8478 x6430",
    "website": "ola.org",
    "company": {
      "name": "Considine-Lockman",
      "catchPhrase": "Synchronised bottom-line interface",
      "bs": "e-enable innovative applications"
    }
  },
  {
    "id": 7,
    "name": "Kurtis Weissnat",
    "username": "Elwyn.Skiles",
    "email": "Telly.Hoeger@billy.biz",
    "address": {
      "street": "Rex Trail",
      "suite": "Suite 280",
      "city": "Howemouth",
      "zipcode": "58804-1099",
      "geo": {
        "lat": "24.8918",
        "lng": "21.8984"
      }
    },
    "phone": "210.067.6132",
    "website": "elvis.io",
    "company": {
      "name": "Johns Group",
      "catchPhrase": "Configurable multimedia task-force",
      "bs": "generate enterprise e-tailers"
    }
  },
  {
    "id": 8,
    "name": "Nicholas Runolfsdottir V",
    "username": "Maxime_Nienow",
    "email": "Sherwood@rosamond.me",
    "address": {
      "street": "Ellsworth Summit",
      "suite": "Suite 729",
      "city": "Aliyaview",
      "zipcode": "45169",
      "geo": {
        "lat": "-14.3990",
        "lng": "-120.7677"
      }
    },
    "phone": "586.493.6943 x140",
    "website": "jacynthe.com",
    "company": {
      "name": "Abernathy Group",
      "catchPhrase": "Implemented secondary concept",
      "bs": "e-enable extensible e-tailers"
    }
  },
  {
    "id": 9,
    "name": "Glenna Reichert",
    "username": "Delphine",
    "email": "Chaim_McDermott@dana.io",
    "address": {
      "street": "Dayna Park",
      "suite": "Suite 449",
      "city": "Bartholomebury",
      "zipcode": "76495-3109",
      "geo": {
        "lat": "24.6463",
        "lng": "-168.8889"
      }
    },
    "phone": "(775)976-6794 x41206",
    "website": "conrad.com",
    "company": {
      "name": "Yost and Sons",
      "catchPhrase": "Switchable contextually-based project",
      "bs": "aggregate real-time technologies"
    }
  },
  {
    "id": 10,
    "name": "Clementina DuBuque",
    "username": "Moriah.Stanton",
    "email": "Rey.Padberg@karina.biz",
    "address": {
      "street": "Kattie Turnpike",
      "suite": "Suite 198",
      "city": "Lebsackbury",
      "zipcode": "31428-2261",
      "geo": {
        "lat": "-38.2386",
        "lng": "57.2232"
      }
    },
    "phone": "024-648-3804",
    "website": "ambrose.net",
    "company": {
      "name": "Hoeger LLC",
      "catchPhrase": "Centralized empowering task-force",
      "bs": "target end-to-end models"
    }
  }
]
classpath:examples/users/users.feature:12
20:52:14.754 [pool-1-thread-2] DEBUG com.intuit.karate - response time in milliseconds: 646
1 < 201
1 < Date: Fri, 13 Jan 2023 02:52:14 GMT
1 < Content-Type: application/json; charset=utf-8
1 < Content-Length: 216
1 < Connection: keep-alive
1 < X-Powered-By: Express
1 < X-Ratelimit-Limit: 1000
1 < X-Ratelimit-Remaining: 999
1 < X-Ratelimit-Reset: 1673578340
1 < Vary: Origin, X-HTTP-Method-Override, Accept-Encoding
1 < Access-Control-Allow-Credentials: true
1 < Cache-Control: no-cache
1 < Pragma: no-cache
1 < Expires: -1
1 < Access-Control-Expose-Headers: Location
1 < Location: http://jsonplaceholder.typicode.com/users/11
1 < X-Content-Type-Options: nosniff
1 < Etag: W/"d8-pYV7+YuMGP2hxHPU9ARrf97ifDA"
1 < Via: 1.1 vegur
1 < CF-Cache-Status: DYNAMIC
1 < Server-Timing: cf-q-config;dur=7.9999999798019e-06
1 < Report-To: {"endpoints":[{"url":"https:\/\/a.nel.cloudflare.com\/report\/v3?s=QvSjCaJw56Zk%2B%2FWZirJiWkkcSPzRX4GYSB4iZVncLqGEAvbYXiTQTLm6AGJsj7vw4xsjlwiThV1a0f5cWP5chUiLjgnDoCpZx7wvgsGhbdNUV4rA2yCHCCATfxEae%2FPJqnBQ%2FBfyu566i1mK48gi"}],"group":"cf-nel","max_age":604800}
1 < NEL: {"success_fraction":0,"report_to":"cf-nel","max_age":604800}
1 < Server: cloudflare
1 < CF-RAY: 788ad5b10e87daf5-MIA
1 < alt-svc: h3=":443"; ma=86400, h3-29=":443"; ma=86400
{
  "name": "Test User",
  "username": "testuser",
  "email": "test@user.com",
  "address": {
    "street": "Has No Name",
    "suite": "Apt. 123",
    "city": "Electri",
    "zipcode": "54321-6789"
  },
  "id": 11
}

20:52:14.759 [pool-1-thread-2] INFO  com.intuit.karate - [print] created id is:  11 
---------------------------------------------------------
feature: classpath:examples/users/users.feature
scenarios:  2 | passed:  1 | failed:  1 | time: 1.6893
---------------------------------------------------------

20:52:15.439 [pool-2-thread-1] INFO  com.intuit.karate.Suite - <<fail>> feature 1 of 1 (0 remaining) classpath:examples/users/users.feature
Karate version: 1.3.1
======================================================
elapsed:   3.24 | threads:    5 | thread time: 1.69 
features:     1 | skipped:    0 | efficiency: 0.10
scenarios:    2 | passed:     1 | failed: 1
======================================================
>>> failed features:
status code was: 200, expected: 201, response time in milliseconds: 597, url: https://jsonplaceholder.typicode.com/users, response: 
[
  {
    "id": 1,
    "name": "Leanne Graham",
    "username": "Bret",
    "email": "Sincere@april.biz",
    "address": {
      "street": "Kulas Light",
      "suite": "Apt. 556",
      "city": "Gwenborough",
      "zipcode": "92998-3874",
      "geo": {
        "lat": "-37.3159",
        "lng": "81.1496"
      }
    },
    "phone": "1-770-736-8031 x56442",
    "website": "hildegard.org",
    "company": {
      "name": "Romaguera-Crona",
      "catchPhrase": "Multi-layered client-server neural-net",
      "bs": "harness real-time e-markets"
    }
  },
  {
    "id": 2,
    "name": "Ervin Howell",
    "username": "Antonette",
    "email": "Shanna@melissa.tv",
    "address": {
      "street": "Victor Plains",
      "suite": "Suite 879",
      "city": "Wisokyburgh",
      "zipcode": "90566-7771",
      "geo": {
        "lat": "-43.9509",
        "lng": "-34.4618"
      }
    },
    "phone": "010-692-6593 x09125",
    "website": "anastasia.net",
    "company": {
      "name": "Deckow-Crist",
      "catchPhrase": "Proactive didactic contingency",
      "bs": "synergize scalable supply-chains"
    }
  },
  {
    "id": 3,
    "name": "Clementine Bauch",
    "username": "Samantha",
    "email": "Nathan@yesenia.net",
    "address": {
      "street": "Douglas Extension",
      "suite": "Suite 847",
      "city": "McKenziehaven",
      "zipcode": "59590-4157",
      "geo": {
        "lat": "-68.6102",
        "lng": "-47.0653"
      }
    },
    "phone": "1-463-123-4447",
    "website": "ramiro.info",
    "company": {
      "name": "Romaguera-Jacobson",
      "catchPhrase": "Face to face bifurcated interface",
      "bs": "e-enable strategic applications"
    }
  },
  {
    "id": 4,
    "name": "Patricia Lebsack",
    "username": "Karianne",
    "email": "Julianne.OConner@kory.org",
    "address": {
      "street": "Hoeger Mall",
      "suite": "Apt. 692",
      "city": "South Elvis",
      "zipcode": "53919-4257",
      "geo": {
        "lat": "29.4572",
        "lng": "-164.2990"
      }
    },
    "phone": "493-170-9623 x156",
    "website": "kale.biz",
    "company": {
      "name": "Robel-Corkery",
      "catchPhrase": "Multi-tiered zero tolerance productivity",
      "bs": "transition cutting-edge web services"
    }
  },
  {
    "id": 5,
    "name": "Chelsey Dietrich",
    "username": "Kamren",
    "email": "Lucio_Hettinger@annie.ca",
    "address": {
      "street": "Skiles Walks",
      "suite": "Suite 351",
      "city": "Roscoeview",
      "zipcode": "33263",
      "geo": {
        "lat": "-31.8129",
        "lng": "62.5342"
      }
    },
    "phone": "(254)954-1289",
    "website": "demarco.info",
    "company": {
      "name": "Keebler LLC",
      "catchPhrase": "User-centric fault-tolerant solution",
      "bs": "revolutionize end-to-end systems"
    }
  },
  {
    "id": 6,
    "name": "Mrs. Dennis Schulist",
    "username": "Leopoldo_Corkery",
    "email": "Karley_Dach@jasper.info",
    "address": {
      "street": "Norberto Crossing",
      "suite": "Apt. 950",
      "city": "South Christy",
      "zipcode": "23505-1337",
      "geo": {
        "lat": "-71.4197",
        "lng": "71.7478"
      }
    },
    "phone": "1-477-935-8478 x6430",
    "website": "ola.org",
    "company": {
      "name": "Considine-Lockman",
      "catchPhrase": "Synchronised bottom-line interface",
      "bs": "e-enable innovative applications"
    }
  },
  {
    "id": 7,
    "name": "Kurtis Weissnat",
    "username": "Elwyn.Skiles",
    "email": "Telly.Hoeger@billy.biz",
    "address": {
      "street": "Rex Trail",
      "suite": "Suite 280",
      "city": "Howemouth",
      "zipcode": "58804-1099",
      "geo": {
        "lat": "24.8918",
        "lng": "21.8984"
      }
    },
    "phone": "210.067.6132",
    "website": "elvis.io",
    "company": {
      "name": "Johns Group",
      "catchPhrase": "Configurable multimedia task-force",
      "bs": "generate enterprise e-tailers"
    }
  },
  {
    "id": 8,
    "name": "Nicholas Runolfsdottir V",
    "username": "Maxime_Nienow",
    "email": "Sherwood@rosamond.me",
    "address": {
      "street": "Ellsworth Summit",
      "suite": "Suite 729",
      "city": "Aliyaview",
      "zipcode": "45169",
      "geo": {
        "lat": "-14.3990",
        "lng": "-120.7677"
      }
    },
    "phone": "586.493.6943 x140",
    "website": "jacynthe.com",
    "company": {
      "name": "Abernathy Group",
      "catchPhrase": "Implemented secondary concept",
      "bs": "e-enable extensible e-tailers"
    }
  },
  {
    "id": 9,
    "name": "Glenna Reichert",
    "username": "Delphine",
    "email": "Chaim_McDermott@dana.io",
    "address": {
      "street": "Dayna Park",
      "suite": "Suite 449",
      "city": "Bartholomebury",
      "zipcode": "76495-3109",
      "geo": {
        "lat": "24.6463",
        "lng": "-168.8889"
      }
    },
    "phone": "(775)976-6794 x41206",
    "website": "conrad.com",
    "company": {
      "name": "Yost and Sons",
      "catchPhrase": "Switchable contextually-based project",
      "bs": "aggregate real-time technologies"
    }
  },
  {
    "id": 10,
    "name": "Clementina DuBuque",
    "username": "Moriah.Stanton",
    "email": "Rey.Padberg@karina.biz",
    "address": {
      "street": "Kattie Turnpike",
      "suite": "Suite 198",
      "city": "Lebsackbury",
      "zipcode": "31428-2261",
      "geo": {
        "lat": "-38.2386",
        "lng": "57.2232"
      }
    },
    "phone": "024-648-3804",
    "website": "ambrose.net",
    "company": {
      "name": "Hoeger LLC",
      "catchPhrase": "Centralized empowering task-force",
      "bs": "target end-to-end models"
    }
  }
]
classpath:examples/users/users.feature:12
<<<

HTML report: (paste into browser to view) | Karate version: 1.3.1
file:///Users/hannia.rojas/karate-dsl/target/karate-reports/karate-summary.html
===================================================================

]]></system-out>
  </testcase>
</testsuite>